e:\2020winter\projects\shipper\visual-studio\shipper-proj\libjc\jc-encoder\x64\release\vc140.pdb
e:\2020winter\projects\shipper\visual-studio\shipper-proj\libjc\jc-encoder\x64\release\pseudo_random.obj
e:\2020winter\projects\shipper\visual-studio\shipper-proj\libjc\jc-encoder\x64\release\mask.obj
e:\2020winter\projects\shipper\visual-studio\shipper-proj\libjc\jc-encoder\x64\release\ldpc.obj
e:\2020winter\projects\shipper\visual-studio\shipper-proj\libjc\jc-encoder\x64\release\interleave.obj
e:\2020winter\projects\shipper\visual-studio\shipper-proj\libjc\jc-encoder\x64\release\image_tests.obj
e:\2020winter\projects\shipper\visual-studio\shipper-proj\libjc\jc-encoder\x64\release\jc-encoder-main.obj
e:\2020winter\projects\shipper\visual-studio\shipper-proj\libjc\jc-encoder\x64\release\encoder.obj
e:\2020winter\projects\shipper\visual-studio\shipper-proj\build\x64\release\jc-encoder.lib
e:\2020winter\projects\shipper\visual-studio\shipper-proj\build\x64\release\jc-encoder.exp
e:\2020winter\projects\shipper\visual-studio\shipper-proj\build\x64\release\jc-encoder.dll
e:\2020winter\projects\shipper\visual-studio\shipper-proj\build\x64\release\jc-encoder.ipdb
e:\2020winter\projects\shipper\visual-studio\shipper-proj\build\x64\release\jc-encoder.iobj
e:\2020winter\projects\shipper\visual-studio\shipper-proj\build\x64\release\jc-encoder.pdb
e:\2020winter\projects\shipper\visual-studio\shipper-proj\libjc\jc-encoder\x64\release\jc-encoder.tlog\cl.command.1.tlog
e:\2020winter\projects\shipper\visual-studio\shipper-proj\libjc\jc-encoder\x64\release\jc-encoder.tlog\cl.read.1.tlog
e:\2020winter\projects\shipper\visual-studio\shipper-proj\libjc\jc-encoder\x64\release\jc-encoder.tlog\cl.write.1.tlog
e:\2020winter\projects\shipper\visual-studio\shipper-proj\libjc\jc-encoder\x64\release\jc-encoder.tlog\jc-encoder.write.1u.tlog
e:\2020winter\projects\shipper\visual-studio\shipper-proj\libjc\jc-encoder\x64\release\jc-encoder.tlog\link.command.1.tlog
e:\2020winter\projects\shipper\visual-studio\shipper-proj\libjc\jc-encoder\x64\release\jc-encoder.tlog\link.read.1.tlog
e:\2020winter\projects\shipper\visual-studio\shipper-proj\libjc\jc-encoder\x64\release\jc-encoder.tlog\link.write.1.tlog
