e:\2020winter\projects\shipper\visual-studio\shipper-proj\libjc\jc-finder\x64\release\vc140.pdb
e:\2020winter\projects\shipper\visual-studio\shipper-proj\libjc\jc-finder\x64\release\transform.obj
e:\2020winter\projects\shipper\visual-studio\shipper-proj\libjc\jc-finder\x64\release\sample.obj
e:\2020winter\projects\shipper\visual-studio\shipper-proj\libjc\jc-finder\x64\release\image.obj
e:\2020winter\projects\shipper\visual-studio\shipper-proj\libjc\jc-finder\x64\release\detector.obj
e:\2020winter\projects\shipper\visual-studio\shipper-proj\libjc\jc-finder\x64\release\jc_finder_c_wrapper.obj
e:\2020winter\projects\shipper\visual-studio\shipper-proj\libjc\jc-finder\x64\release\image_tests.obj
e:\2020winter\projects\shipper\visual-studio\shipper-proj\build\x64\release\jc-finder.lib
e:\2020winter\projects\shipper\visual-studio\shipper-proj\build\x64\release\jc-finder.exp
e:\2020winter\projects\shipper\visual-studio\shipper-proj\build\x64\release\jc-finder.dll
e:\2020winter\projects\shipper\visual-studio\shipper-proj\build\x64\release\jc-finder.ipdb
e:\2020winter\projects\shipper\visual-studio\shipper-proj\build\x64\release\jc-finder.iobj
e:\2020winter\projects\shipper\visual-studio\shipper-proj\build\x64\release\jc-finder.pdb
e:\2020winter\projects\shipper\visual-studio\shipper-proj\libjc\jc-finder\x64\release\jc-finder.tlog\cl.command.1.tlog
e:\2020winter\projects\shipper\visual-studio\shipper-proj\libjc\jc-finder\x64\release\jc-finder.tlog\cl.read.1.tlog
e:\2020winter\projects\shipper\visual-studio\shipper-proj\libjc\jc-finder\x64\release\jc-finder.tlog\cl.write.1.tlog
e:\2020winter\projects\shipper\visual-studio\shipper-proj\libjc\jc-finder\x64\release\jc-finder.tlog\jc-finder.write.1u.tlog
e:\2020winter\projects\shipper\visual-studio\shipper-proj\libjc\jc-finder\x64\release\jc-finder.tlog\link.command.1.tlog
e:\2020winter\projects\shipper\visual-studio\shipper-proj\libjc\jc-finder\x64\release\jc-finder.tlog\link.read.1.tlog
e:\2020winter\projects\shipper\visual-studio\shipper-proj\libjc\jc-finder\x64\release\jc-finder.tlog\link.write.1.tlog
