生成启动时间为 2020/3/29 14:31:18。
     1>项目“E:\2020Winter\Projects\shipper\visual-studio\shipper-proj\libjc\jc-decoder\jc-decoder.vcxproj”在节点 2 上(Build 个目标)。
     1>ClCompile:
         E:\Program Files (x86)\Microsoft Visual Studio 14.0\VC\bin\x86_amd64\CL.exe /c /Zi /nologo /W3 /WX- /sdl /O2 /Oi /GL /D NDEBUG /D _WINDOWS /D _USRDLL /D JCDECODER_EXPORTS /D _WINDLL /D _UNICODE /D UNICODE /Gm- /EHsc /MD /GS /Gy /fp:precise /Zc:wchar_t /Zc:forScope /Zc:inline /Fo"x64\Release\\" /Fd"x64\Release\vc140.pdb" /Gd /TC /errorReport:prompt src\decoder\decoder.c
         decoder.c
     1>src\decoder\decoder.c : warning C4819: 该文件包含不能在当前代码页(936)中表示的字符。请将该文件保存为 Unicode 格式以防止数据丢失
     1>E:\2020Winter\Projects\shipper\visual-studio\shipper-proj\libjc\include\jc.h : warning C4819: 该文件包含不能在当前代码页(936)中表示的字符。请将该文件保存为 Unicode 格式以防止数据丢失
     1>e:\2020winter\projects\shipper\visual-studio\shipper-proj\libjc\jc-decoder\src\decoder\../supports/ldpc.h : warning C4819: 该文件包含不能在当前代码页(936)中表示的字符。请将该文件保存为 Unicode 格式以防止数据丢失
     1>e:\2020winter\projects\shipper\visual-studio\shipper-proj\libjc\jc-decoder\src\decoder\decoder.h : warning C4819: 该文件包含不能在当前代码页(936)中表示的字符。请将该文件保存为 Unicode 格式以防止数据丢失
     1>E:\2020Winter\Projects\shipper\visual-studio\shipper-proj\libjc\include\encoder.h : warning C4819: 该文件包含不能在当前代码页(936)中表示的字符。请将该文件保存为 Unicode 格式以防止数据丢失
     1>src\decoder\decoder.c(226): warning C4244: “初始化”: 从“int”转换到“Float”，可能丢失数据
     1>src\decoder\decoder.c(567): warning C4018: “<”: 有符号/无符号不匹配
     1>src\decoder\decoder.c(574): warning C4018: “<”: 有符号/无符号不匹配
     1>src\decoder\decoder.c(585): warning C4018: “<”: 有符号/无符号不匹配
     1>src\decoder\decoder.c(591): warning C4018: “<”: 有符号/无符号不匹配
     1>src\decoder\decoder.c(602): warning C4819: 该文件包含不能在当前代码页(936)中表示的字符。请将该文件保存为 Unicode 格式以防止数据丢失
     1>src\decoder\decoder.c(897): warning C4244: “初始化”: 从“int”转换到“Float”，可能丢失数据
     1>src\decoder\decoder.c(1235): warning C4819: 该文件包含不能在当前代码页(936)中表示的字符。请将该文件保存为 Unicode 格式以防止数据丢失
       Link:
         E:\Program Files (x86)\Microsoft Visual Studio 14.0\VC\bin\x86_amd64\link.exe /ERRORREPORT:PROMPT /OUT:"E:\2020Winter\Projects\shipper\visual-studio\shipper-proj\build\x64\Release\jc-decoder.dll" /INCREMENTAL:NO /NOLOGO /LIBPATH:"E:\2020Winter\Projects\shipper\visual-studio\shipper-proj\build\x64\Release\\" "jc-finder.lib" "E:\2020Winter\Projects\shipper\visual-studio\shipper-proj\libjc\lib\libpng16.lib" "E:\2020Winter\Projects\shipper\visual-studio\shipper-proj\libjc\lib\zlib.lib" kernel32.lib user32.lib gdi32.lib winspool.lib comdlg32.lib advapi32.lib shell32.lib ole32.lib oleaut32.lib uuid.lib odbc32.lib odbccp32.lib /MANIFEST /MANIFESTUAC:"level='asInvoker' uiAccess='false'" /manifest:embed /Debug /PDB:"E:\2020Winter\Projects\shipper\visual-studio\shipper-proj\build\x64\Release\jc-decoder.pdb" /SUBSYSTEM:WINDOWS /OPT:REF /OPT:ICF /LTCG:incremental /TLBID:1 /DYNAMICBASE /NXCOMPAT /IMPLIB:"E:\2020Winter\Projects\shipper\visual-studio\shipper-proj\build\x64\Release\jc-decoder.lib" /MACHINE:X64 /DLL x64\Release\decoder.obj
         "x64\Release\jc-decoder-main.obj"
         x64\Release\image_tests.obj
         x64\Release\interleave.obj
         x64\Release\ldpc.obj
         x64\Release\mask.obj
         x64\Release\pseudo_random.obj
           正在创建库 E:\2020Winter\Projects\shipper\visual-studio\shipper-proj\build\x64\Release\jc-decoder.lib 和对象 E:\2020Winter\Projects\shipper\visual-studio\shipper-proj\build\x64\Release\jc-decoder.exp
         正在生成代码
         2 of 40 functions ( 5.0%) were compiled, the rest were copied from previous compilation.
           0 functions were new in current compilation
           1 functions had inline decision re-evaluated but remain unchanged
         已完成代码的生成
         jc-decoder.vcxproj -> E:\2020Winter\Projects\shipper\visual-studio\shipper-proj\build\x64\Release\jc-decoder.dll
     1>已完成生成项目“E:\2020Winter\Projects\shipper\visual-studio\shipper-proj\libjc\jc-decoder\jc-decoder.vcxproj”(Build 个目标)的操作。

已成功生成。

已用时间 00:00:00.73
