e:\2020winter\projects\shipper\visual-studio\shipper-proj\libjc\jc-decoder\x64\release\vc140.pdb
e:\2020winter\projects\shipper\visual-studio\shipper-proj\libjc\jc-decoder\x64\release\pseudo_random.obj
e:\2020winter\projects\shipper\visual-studio\shipper-proj\libjc\jc-decoder\x64\release\mask.obj
e:\2020winter\projects\shipper\visual-studio\shipper-proj\libjc\jc-decoder\x64\release\ldpc.obj
e:\2020winter\projects\shipper\visual-studio\shipper-proj\libjc\jc-decoder\x64\release\interleave.obj
e:\2020winter\projects\shipper\visual-studio\shipper-proj\libjc\jc-decoder\x64\release\image_tests.obj
e:\2020winter\projects\shipper\visual-studio\shipper-proj\libjc\jc-decoder\x64\release\jc-decoder-main.obj
e:\2020winter\projects\shipper\visual-studio\shipper-proj\libjc\jc-decoder\x64\release\decoder.obj
e:\2020winter\projects\shipper\visual-studio\shipper-proj\build\x64\release\jc-decoder.lib
e:\2020winter\projects\shipper\visual-studio\shipper-proj\build\x64\release\jc-decoder.exp
e:\2020winter\projects\shipper\visual-studio\shipper-proj\build\x64\release\jc-decoder.dll
e:\2020winter\projects\shipper\visual-studio\shipper-proj\build\x64\release\jc-decoder.ipdb
e:\2020winter\projects\shipper\visual-studio\shipper-proj\build\x64\release\jc-decoder.iobj
e:\2020winter\projects\shipper\visual-studio\shipper-proj\build\x64\release\jc-decoder.pdb
e:\2020winter\projects\shipper\visual-studio\shipper-proj\libjc\jc-decoder\x64\release\jc-decoder.tlog\cl.command.1.tlog
e:\2020winter\projects\shipper\visual-studio\shipper-proj\libjc\jc-decoder\x64\release\jc-decoder.tlog\cl.read.1.tlog
e:\2020winter\projects\shipper\visual-studio\shipper-proj\libjc\jc-decoder\x64\release\jc-decoder.tlog\cl.write.1.tlog
e:\2020winter\projects\shipper\visual-studio\shipper-proj\libjc\jc-decoder\x64\release\jc-decoder.tlog\jc-decoder.write.1u.tlog
e:\2020winter\projects\shipper\visual-studio\shipper-proj\libjc\jc-decoder\x64\release\jc-decoder.tlog\link.command.1.tlog
e:\2020winter\projects\shipper\visual-studio\shipper-proj\libjc\jc-decoder\x64\release\jc-decoder.tlog\link.read.1.tlog
e:\2020winter\projects\shipper\visual-studio\shipper-proj\libjc\jc-decoder\x64\release\jc-decoder.tlog\link.write.1.tlog
